{"uid":"2893ffd8cb5ae159","name":"test_insider_qa_flow","fullName":"tests.test_insider_qa#test_insider_qa_flow","historyId":"308f140897791990c2511fe39e316ba3","time":{"start":1770798611268,"stop":1770798611268,"duration":0},"status":"broken","statusMessage":"selenium.common.exceptions.SessionNotCreatedException: Message: session not created: Chrome instance exited. Examine ChromeDriver verbose log to determine the cause.; For documentation on this error, please visit: https://www.selenium.dev/documentation/webdriver/troubleshooting/errors#sessionnotcreatedexception\nStacktrace:\n#0 0x55606ddb94ba <unknown>\n#1 0x55606d822492 <unknown>\n#2 0x55606d85ffdd <unknown>\n#3 0x55606d85acf9 <unknown>\n#4 0x55606d8acfce <unknown>\n#5 0x55606d8ac6bc <unknown>\n#6 0x55606d8696a2 <unknown>\n#7 0x55606d86a491 <unknown>\n#8 0x55606dd7f479 <unknown>\n#9 0x55606dd82391 <unknown>\n#10 0x55606dd6ba89 <unknown>\n#11 0x55606dd82f4e <unknown>\n#12 0x55606dd52070 <unknown>\n#13 0x55606dda6ca8 <unknown>\n#14 0x55606dda6e78 <unknown>\n#15 0x55606ddb8828 <unknown>\n#16 0x7f35a8a9caa4 <unknown>\n#17 0x7f35a8b29c6c <unknown>","statusTrace":"@pytest.fixture(scope=\"function\")\n    def driver():\n        options = Options()\n        options.add_argument(\"--start-maximized\")\n        # CI/CD için: options.add_argument(\"--headless\")\n    \n        # Yeni Nesil Kullanım: Service ve DriverManager'a gerek kalmadan direkt başlatın\n        # Selenium Manager arka planda doğru sürümü otomatik bulacaktır.\n>       driver = webdriver.Chrome(options=options)\n                 ^^^^^^^^^^^^^^^^^^^^^^^^^^^^^^^^^\n\nconftest.py:14: \n_ _ _ _ _ _ _ _ _ _ _ _ _ _ _ _ _ _ _ _ _ _ _ _ _ _ _ _ _ _ _ _ _ _ _ _ _ _ _ _ \n/opt/hostedtoolcache/Python/3.12.12/x64/lib/python3.12/site-packages/selenium/webdriver/chrome/webdriver.py:45: in __init__\n    super().__init__(\n/opt/hostedtoolcache/Python/3.12.12/x64/lib/python3.12/site-packages/selenium/webdriver/chromium/webdriver.py:66: in __init__\n    super().__init__(command_executor=executor, options=self.options)\n/opt/hostedtoolcache/Python/3.12.12/x64/lib/python3.12/site-packages/selenium/webdriver/common/webdriver.py:25: in __init__\n    super().__init__(*args, **kwargs)\n/opt/hostedtoolcache/Python/3.12.12/x64/lib/python3.12/site-packages/selenium/webdriver/remote/webdriver.py:257: in __init__\n    self.start_session(capabilities)\n/opt/hostedtoolcache/Python/3.12.12/x64/lib/python3.12/site-packages/selenium/webdriver/remote/webdriver.py:352: in start_session\n    response = self.execute(Command.NEW_SESSION, caps)[\"value\"]\n               ^^^^^^^^^^^^^^^^^^^^^^^^^^^^^^^^^^^^^^^\n/opt/hostedtoolcache/Python/3.12.12/x64/lib/python3.12/site-packages/selenium/webdriver/remote/webdriver.py:432: in execute\n    self.error_handler.check_response(response)\n_ _ _ _ _ _ _ _ _ _ _ _ _ _ _ _ _ _ _ _ _ _ _ _ _ _ _ _ _ _ _ _ _ _ _ _ _ _ _ _ \n\nself = <selenium.webdriver.remote.errorhandler.ErrorHandler object at 0x7ff0d2974c20>\nresponse = {'status': 500, 'value': '{\"value\":{\"error\":\"session not created\",\"message\":\"session not created: Chrome instance exit...\\\\n#15 0x55606ddb8828 \\\\u003Cunknown>\\\\n#16 0x7f35a8a9caa4 \\\\u003Cunknown>\\\\n#17 0x7f35a8b29c6c \\\\u003Cunknown>\\\\n\"}}'}\n\n    def check_response(self, response: dict[str, Any]) -> None:\n        \"\"\"Check that a JSON response from the WebDriver does not have an error.\n    \n        Args:\n            response: The JSON response from the WebDriver server as a dictionary\n                object.\n    \n        Raises:\n            WebDriverException: If the response contains an error message.\n        \"\"\"\n        status = response.get(\"status\", None)\n        if not status or status == ErrorCode.SUCCESS:\n            return\n        value = None\n        message = response.get(\"message\", \"\")\n        screen: str = response.get(\"screen\", \"\")\n        stacktrace = None\n        if isinstance(status, int):\n            value_json = response.get(\"value\", None)\n            if value_json and isinstance(value_json, str):\n                try:\n                    value = json.loads(value_json)\n                    if isinstance(value, dict):\n                        if len(value) == 1:\n                            value = value[\"value\"]\n                        status = value.get(\"error\", None)\n                        if not status:\n                            status = value.get(\"status\", ErrorCode.UNKNOWN_ERROR)\n                            message = value.get(\"value\") or value.get(\"message\")\n                            if not isinstance(message, str):\n                                value = message\n                                message = message.get(\"message\") if isinstance(message, dict) else None\n                        else:\n                            message = value.get(\"message\", None)\n                except ValueError:\n                    pass\n    \n        exception_class: type[WebDriverException]\n        e = ErrorCode()\n        error_codes = [item for item in dir(e) if not item.startswith(\"__\")]\n        for error_code in error_codes:\n            error_info = getattr(ErrorCode, error_code)\n            if isinstance(error_info, list) and status in error_info:\n                exception_class = getattr(ExceptionMapping, error_code, WebDriverException)\n                break\n        else:\n            exception_class = WebDriverException\n    \n        if not value:\n            value = response[\"value\"]\n        if isinstance(value, str):\n            raise exception_class(value)\n        if message == \"\" and \"message\" in value:\n            message = value[\"message\"]\n    \n        screen = None  # type: ignore[assignment]\n        if \"screen\" in value:\n            screen = value[\"screen\"]\n    \n        stacktrace = None\n        st_value = value.get(\"stackTrace\") or value.get(\"stacktrace\")\n        if st_value:\n            if isinstance(st_value, str):\n                stacktrace = st_value.split(\"\\n\")\n            else:\n                stacktrace = []\n                try:\n                    for frame in st_value:\n                        line = frame.get(\"lineNumber\", \"\")\n                        file = frame.get(\"fileName\", \"<anonymous>\")\n                        if line:\n                            file = f\"{file}:{line}\"\n                        meth = frame.get(\"methodName\", \"<anonymous>\")\n                        if \"className\" in frame:\n                            meth = f\"{frame['className']}.{meth}\"\n                        msg = \"    at %s (%s)\"\n                        msg = msg % (meth, file)\n                        stacktrace.append(msg)\n                except TypeError:\n                    pass\n        if exception_class == UnexpectedAlertPresentException:\n            alert_text = None\n            if \"data\" in value:\n                alert_text = value[\"data\"].get(\"text\")\n            elif \"alert\" in value:\n                alert_text = value[\"alert\"].get(\"text\")\n            raise exception_class(message, screen, stacktrace, alert_text)  # type: ignore[call-arg]  # mypy is not smart enough here\n>       raise exception_class(message, screen, stacktrace)\nE       selenium.common.exceptions.SessionNotCreatedException: Message: session not created: Chrome instance exited. Examine ChromeDriver verbose log to determine the cause.; For documentation on this error, please visit: https://www.selenium.dev/documentation/webdriver/troubleshooting/errors#sessionnotcreatedexception\nE       Stacktrace:\nE       #0 0x55606ddb94ba <unknown>\nE       #1 0x55606d822492 <unknown>\nE       #2 0x55606d85ffdd <unknown>\nE       #3 0x55606d85acf9 <unknown>\nE       #4 0x55606d8acfce <unknown>\nE       #5 0x55606d8ac6bc <unknown>\nE       #6 0x55606d8696a2 <unknown>\nE       #7 0x55606d86a491 <unknown>\nE       #8 0x55606dd7f479 <unknown>\nE       #9 0x55606dd82391 <unknown>\nE       #10 0x55606dd6ba89 <unknown>\nE       #11 0x55606dd82f4e <unknown>\nE       #12 0x55606dd52070 <unknown>\nE       #13 0x55606dda6ca8 <unknown>\nE       #14 0x55606dda6e78 <unknown>\nE       #15 0x55606ddb8828 <unknown>\nE       #16 0x7f35a8a9caa4 <unknown>\nE       #17 0x7f35a8b29c6c <unknown>\n\n/opt/hostedtoolcache/Python/3.12.12/x64/lib/python3.12/site-packages/selenium/webdriver/remote/errorhandler.py:232: SessionNotCreatedException","flaky":false,"newFailed":false,"newBroken":false,"newPassed":false,"retriesCount":6,"retriesStatusChange":true,"beforeStages":[{"name":"driver","time":{"start":1770798611269,"stop":1770798611680,"duration":411},"status":"broken","statusMessage":"selenium.common.exceptions.SessionNotCreatedException: Message: session not created: Chrome instance exited. Examine ChromeDriver verbose log to determine the cause.; For documentation on this error, please visit: https://www.selenium.dev/documentation/webdriver/troubleshooting/errors#sessionnotcreatedexception\nStacktrace:\n#0 0x55606ddb94ba <unknown>\n#1 0x55606d822492 <unknown>\n#2 0x55606d85ffdd <unknown>\n#3 0x55606d85acf9 <unknown>\n#4 0x55606d8acfce <unknown>\n#5 0x55606d8ac6bc <unknown>\n#6 0x55606d8696a2 <unknown>\n#7 0x55606d86a491 <unknown>\n#8 0x55606dd7f479 <unknown>\n#9 0x55606dd82391 <unknown>\n#10 0x55606dd6ba89 <unknown>\n#11 0x55606dd82f4e <unknown>\n#12 0x55606dd52070 <unknown>\n#13 0x55606dda6ca8 <unknown>\n#14 0x55606dda6e78 <unknown>\n#15 0x55606ddb8828 <unknown>\n#16 0x7f35a8a9caa4 <unknown>\n#17 0x7f35a8b29c6c <unknown>\n\n","statusTrace":"  File \"/opt/hostedtoolcache/Python/3.12.12/x64/lib/python3.12/site-packages/pluggy/_callers.py\", line 38, in run_old_style_hookwrapper\n    res = yield\n          ^^^^^\n  File \"/opt/hostedtoolcache/Python/3.12.12/x64/lib/python3.12/site-packages/pluggy/_callers.py\", line 139, in _multicall\n    teardown.throw(exception)\n  File \"/opt/hostedtoolcache/Python/3.12.12/x64/lib/python3.12/site-packages/_pytest/setuponly.py\", line 36, in pytest_fixture_setup\n    return (yield)\n            ^^^^^\n  File \"/opt/hostedtoolcache/Python/3.12.12/x64/lib/python3.12/site-packages/pluggy/_callers.py\", line 121, in _multicall\n    res = hook_impl.function(*args)\n          ^^^^^^^^^^^^^^^^^^^^^^^^^\n  File \"/opt/hostedtoolcache/Python/3.12.12/x64/lib/python3.12/site-packages/_pytest/fixtures.py\", line 1202, in pytest_fixture_setup\n    result = call_fixture_func(fixturefunc, request, kwargs)\n             ^^^^^^^^^^^^^^^^^^^^^^^^^^^^^^^^^^^^^^^^^^^^^^^\n  File \"/opt/hostedtoolcache/Python/3.12.12/x64/lib/python3.12/site-packages/_pytest/fixtures.py\", line 908, in call_fixture_func\n    fixture_result = next(generator)\n                     ^^^^^^^^^^^^^^^\n  File \"/home/runner/work/QA_automation/QA_automation/conftest.py\", line 14, in driver\n    driver = webdriver.Chrome(options=options)\n             ^^^^^^^^^^^^^^^^^^^^^^^^^^^^^^^^^\n  File \"/opt/hostedtoolcache/Python/3.12.12/x64/lib/python3.12/site-packages/selenium/webdriver/chrome/webdriver.py\", line 45, in __init__\n    super().__init__(\n  File \"/opt/hostedtoolcache/Python/3.12.12/x64/lib/python3.12/site-packages/selenium/webdriver/chromium/webdriver.py\", line 66, in __init__\n    super().__init__(command_executor=executor, options=self.options)\n  File \"/opt/hostedtoolcache/Python/3.12.12/x64/lib/python3.12/site-packages/selenium/webdriver/common/webdriver.py\", line 25, in __init__\n    super().__init__(*args, **kwargs)\n  File \"/opt/hostedtoolcache/Python/3.12.12/x64/lib/python3.12/site-packages/selenium/webdriver/remote/webdriver.py\", line 257, in __init__\n    self.start_session(capabilities)\n  File \"/opt/hostedtoolcache/Python/3.12.12/x64/lib/python3.12/site-packages/selenium/webdriver/remote/webdriver.py\", line 352, in start_session\n    response = self.execute(Command.NEW_SESSION, caps)[\"value\"]\n               ^^^^^^^^^^^^^^^^^^^^^^^^^^^^^^^^^^^^^^^\n  File \"/opt/hostedtoolcache/Python/3.12.12/x64/lib/python3.12/site-packages/selenium/webdriver/remote/webdriver.py\", line 432, in execute\n    self.error_handler.check_response(response)\n  File \"/opt/hostedtoolcache/Python/3.12.12/x64/lib/python3.12/site-packages/selenium/webdriver/remote/errorhandler.py\", line 232, in check_response\n    raise exception_class(message, screen, stacktrace)\n","steps":[],"attachments":[],"parameters":[],"stepsCount":0,"shouldDisplayMessage":true,"attachmentsCount":0,"hasContent":true,"attachmentStep":false}],"afterStages":[],"labels":[{"name":"parentSuite","value":"tests"},{"name":"suite","value":"test_insider_qa"},{"name":"host","value":"runnervmwffz4"},{"name":"thread","value":"2508-MainThread"},{"name":"framework","value":"pytest"},{"name":"language","value":"cpython3"},{"name":"package","value":"tests.test_insider_qa"},{"name":"resultFormat","value":"allure2"}],"parameters":[],"links":[],"hidden":false,"retry":false,"extra":{"severity":"normal","retries":[{"uid":"d9caaaa864bfc51d","status":"passed","time":{"start":1770795971260,"stop":1770796009138,"duration":37878}},{"uid":"9d166d934dadaaf4","status":"broken","statusDetails":"AttributeError: 'QAPage' object has no attribute 'click_view_role'","time":{"start":1770795883975,"stop":1770795917369,"duration":33394}},{"uid":"9a66c15fa1a42d9a","status":"broken","statusDetails":"AttributeError: 'QAPage' object has no attribute 'LOCATION_TEXT'","time":{"start":1770795790627,"stop":1770795825591,"duration":34964}},{"uid":"846ff044d1502596","status":"broken","statusDetails":"AttributeError: 'QAPage' object has no attribute 'POSITION_TITLE'","time":{"start":1770795700333,"stop":1770795733179,"duration":32846}},{"uid":"d186d49be4bafd5f","status":"passed","time":{"start":1770795321436,"stop":1770795365513,"duration":44077}},{"uid":"779a1e17bf98565a","status":"passed","time":{"start":1770794952271,"stop":1770794997260,"duration":44989}}],"categories":[{"name":"Test defects","matchedStatuses":[],"flaky":false}],"tags":[]},"source":"2893ffd8cb5ae159.json","parameterValues":[]}