{"uid":"664f027b03df5b30","name":"test_insider_qa_flow","fullName":"tests.test_insider_qa#test_insider_qa_flow","historyId":"308f140897791990c2511fe39e316ba3","time":{"start":1770800687160,"stop":1770800713309,"duration":26149},"description":"\n    Insider QA İş Akışı Otomasyon Testi\n    - Ana sayfa, QA sayfası ve filtreleme kontrollerini yapar.\n    - Berlin gibi filtre dışı ilanların sızmasını engeller.\n    ","descriptionHtml":"<pre><code>Insider QA İş Akışı Otomasyon Testi\n- Ana sayfa, QA sayfası ve filtreleme kontrollerini yapar.\n- Berlin gibi filtre dışı ilanların sızmasını engeller.\n</code></pre>\n","status":"broken","statusMessage":"selenium.common.exceptions.TimeoutException: Message: \nStacktrace:\n#0 0x55c636dbc4ba <unknown>\n#1 0x55c636825492 <unknown>\n#2 0x55c63687a9b6 <unknown>\n#3 0x55c63687abf1 <unknown>\n#4 0x55c6368c64d4 <unknown>\n#5 0x55c6368c3700 <unknown>\n#6 0x55c63686c6a2 <unknown>\n#7 0x55c63686d491 <unknown>\n#8 0x55c636d82479 <unknown>\n#9 0x55c636d85391 <unknown>\n#10 0x55c636d6ea89 <unknown>\n#11 0x55c636d85f4e <unknown>\n#12 0x55c636d55070 <unknown>\n#13 0x55c636da9ca8 <unknown>\n#14 0x55c636da9e78 <unknown>\n#15 0x55c636dbb828 <unknown>\n#16 0x7f4ffee9caa4 <unknown>\n#17 0x7f4ffef29c6c <unknown>","statusTrace":"driver = <selenium.webdriver.chrome.webdriver.WebDriver (session=\"6fd0f5a4a402774055d1635e1302c2f8\")>\n\n    def test_insider_qa_flow(driver):\n        \"\"\"\n        Insider QA İş Akışı Otomasyon Testi\n        - Ana sayfa, QA sayfası ve filtreleme kontrollerini yapar.\n        - Berlin gibi filtre dışı ilanların sızmasını engeller.\n        \"\"\"\n        home = HomePage(driver)\n        qa = QAPage(driver)\n    \n        # 1. Ana sayfayı aç ve kontrol et\n        home.open()\n        assert home.is_opened(), \"❌ HATA: Ana sayfa navigasyon barı görünür değil!\"\n    \n        # 2. QA ilanlarına git ve filtreleri uygula\n        # Not: 'qa.filter_jobs' içerisinde JavaScript click ve bekleme (sleep) olmalı.\n        qa.open_qa_jobs()\n>       qa.filter_jobs()\n\ntests/test_insider_qa.py:22: \n_ _ _ _ _ _ _ _ _ _ _ _ _ _ _ _ _ _ _ _ _ _ _ _ _ _ _ _ _ _ _ _ _ _ _ _ _ _ _ _ \npages/qa_page.py:41: in filter_jobs\n    location_container = wait.until(EC.presence_of_element_located(self.LOCATION_CONTAINER))\n                         ^^^^^^^^^^^^^^^^^^^^^^^^^^^^^^^^^^^^^^^^^^^^^^^^^^^^^^^^^^^^^^^^^^^\n_ _ _ _ _ _ _ _ _ _ _ _ _ _ _ _ _ _ _ _ _ _ _ _ _ _ _ _ _ _ _ _ _ _ _ _ _ _ _ _ \n\nself = <selenium.webdriver.support.wait.WebDriverWait (session=\"6fd0f5a4a402774055d1635e1302c2f8\")>\nmethod = <function presence_of_element_located.<locals>._predicate at 0x7f05c7bc39c0>\nmessage = ''\n\n    def until(self, method: Callable[[D], Literal[False] | T], message: str = \"\") -> T:\n        \"\"\"Wait until the method returns a value that is not False.\n    \n        Calls the method provided with the driver as an argument until the\n        return value does not evaluate to ``False``.\n    \n        Args:\n            method: A callable object that takes a WebDriver instance as an\n                argument.\n            message: Optional message for TimeoutException.\n    \n        Returns:\n            The result of the last call to `method`.\n    \n        Raises:\n            TimeoutException: If 'method' does not return a truthy value within\n                the WebDriverWait object's timeout.\n    \n        Example:\n            >>> from selenium.webdriver.common.by import By\n            >>> from selenium.webdriver.support.ui import WebDriverWait\n            >>> from selenium.webdriver.support import expected_conditions as EC\n            >>>\n            >>> # Wait until an element is visible on the page\n            >>> wait = WebDriverWait(driver, 10)\n            >>> element = wait.until(EC.visibility_of_element_located((By.ID, \"exampleId\")))\n            >>> print(element.text)\n        \"\"\"\n        screen = None\n        stacktrace = None\n    \n        end_time = time.monotonic() + self._timeout\n        while True:\n            try:\n                value = method(self._driver)\n                if value:\n                    return value\n            except self._ignored_exceptions as exc:\n                screen = getattr(exc, \"screen\", None)\n                stacktrace = getattr(exc, \"stacktrace\", None)\n            if time.monotonic() > end_time:\n                break\n            time.sleep(self._poll)\n>       raise TimeoutException(message, screen, stacktrace)\nE       selenium.common.exceptions.TimeoutException: Message: \nE       Stacktrace:\nE       #0 0x55c636dbc4ba <unknown>\nE       #1 0x55c636825492 <unknown>\nE       #2 0x55c63687a9b6 <unknown>\nE       #3 0x55c63687abf1 <unknown>\nE       #4 0x55c6368c64d4 <unknown>\nE       #5 0x55c6368c3700 <unknown>\nE       #6 0x55c63686c6a2 <unknown>\nE       #7 0x55c63686d491 <unknown>\nE       #8 0x55c636d82479 <unknown>\nE       #9 0x55c636d85391 <unknown>\nE       #10 0x55c636d6ea89 <unknown>\nE       #11 0x55c636d85f4e <unknown>\nE       #12 0x55c636d55070 <unknown>\nE       #13 0x55c636da9ca8 <unknown>\nE       #14 0x55c636da9e78 <unknown>\nE       #15 0x55c636dbb828 <unknown>\nE       #16 0x7f4ffee9caa4 <unknown>\nE       #17 0x7f4ffef29c6c <unknown>\n\n/opt/hostedtoolcache/Python/3.12.12/x64/lib/python3.12/site-packages/selenium/webdriver/support/wait.py:121: TimeoutException","flaky":false,"newFailed":false,"newBroken":false,"newPassed":false,"retriesCount":6,"retriesStatusChange":true,"beforeStages":[{"name":"driver","time":{"start":1770800681334,"stop":1770800687159,"duration":5825},"status":"passed","steps":[],"attachments":[],"parameters":[],"stepsCount":0,"shouldDisplayMessage":false,"attachmentsCount":0,"hasContent":false,"attachmentStep":false}],"afterStages":[{"name":"driver::0","time":{"start":1770800713348,"stop":1770800713470,"duration":122},"status":"passed","steps":[],"attachments":[],"parameters":[],"stepsCount":0,"shouldDisplayMessage":false,"attachmentsCount":0,"hasContent":false,"attachmentStep":false}],"labels":[{"name":"parentSuite","value":"tests"},{"name":"suite","value":"test_insider_qa"},{"name":"host","value":"runnervmwffz4"},{"name":"thread","value":"2496-MainThread"},{"name":"framework","value":"pytest"},{"name":"language","value":"cpython3"},{"name":"package","value":"tests.test_insider_qa"},{"name":"resultFormat","value":"allure2"}],"parameters":[],"links":[],"hidden":false,"retry":false,"extra":{"severity":"normal","retries":[{"uid":"373b31fc0e3bb5db","status":"passed","time":{"start":1770795971260,"stop":1770796009138,"duration":37878}},{"uid":"55cc3a15adb51573","status":"broken","statusDetails":"AttributeError: 'QAPage' object has no attribute 'click_view_role'","time":{"start":1770795883975,"stop":1770795917369,"duration":33394}},{"uid":"2c85197fc74cebb2","status":"broken","statusDetails":"AttributeError: 'QAPage' object has no attribute 'LOCATION_TEXT'","time":{"start":1770795790627,"stop":1770795825591,"duration":34964}},{"uid":"28f6c7e395c88e58","status":"broken","statusDetails":"AttributeError: 'QAPage' object has no attribute 'POSITION_TITLE'","time":{"start":1770795700333,"stop":1770795733179,"duration":32846}},{"uid":"40cb4930fa41e704","status":"passed","time":{"start":1770795321436,"stop":1770795365513,"duration":44077}},{"uid":"473e73cbd511289c","status":"passed","time":{"start":1770794952271,"stop":1770794997260,"duration":44989}}],"categories":[{"name":"Test defects","matchedStatuses":[],"flaky":false}],"tags":[]},"source":"664f027b03df5b30.json","parameterValues":[]}