{"uid":"99faac7f6a5e6546","name":"test_insider_qa_flow","fullName":"tests.test_insider_qa#test_insider_qa_flow","historyId":"308f140897791990c2511fe39e316ba3","time":{"start":1770800112861,"stop":1770800117197,"duration":4336},"description":"\n    Insider QA İş Akışı Otomasyon Testi\n    - Ana sayfa, QA sayfası ve filtreleme kontrollerini yapar.\n    - Berlin gibi filtre dışı ilanların sızmasını engeller.\n    ","descriptionHtml":"<pre><code>Insider QA İş Akışı Otomasyon Testi\n- Ana sayfa, QA sayfası ve filtreleme kontrollerini yapar.\n- Berlin gibi filtre dışı ilanların sızmasını engeller.\n</code></pre>\n","status":"broken","statusMessage":"selenium.common.exceptions.ElementClickInterceptedException: Message: element click intercepted: Element is not clickable at point (392, 1067)\n  (Session info: chrome=144.0.7559.109); For documentation on this error, please visit: https://www.selenium.dev/documentation/webdriver/troubleshooting/errors#elementclickinterceptedexception\nStacktrace:\n#0 0x5631af5e44ba <unknown>\n#1 0x5631af04d492 <unknown>\n#2 0x5631af0a9c9b <unknown>\n#3 0x5631af0a78d2 <unknown>\n#4 0x5631af0a4e09 <unknown>\n#5 0x5631af0a3f07 <unknown>\n#6 0x5631af096792 <unknown>\n#7 0x5631af0960d7 <unknown>\n#8 0x5631af0eb700 <unknown>\n#9 0x5631af0946a2 <unknown>\n#10 0x5631af095491 <unknown>\n#11 0x5631af5aa479 <unknown>\n#12 0x5631af5ad391 <unknown>\n#13 0x5631af596a89 <unknown>\n#14 0x5631af5adf4e <unknown>\n#15 0x5631af57d070 <unknown>\n#16 0x5631af5d1ca8 <unknown>\n#17 0x5631af5d1e78 <unknown>\n#18 0x5631af5e3828 <unknown>\n#19 0x7f5a0ca9caa4 <unknown>\n#20 0x7f5a0cb29c6c <unknown>","statusTrace":"driver = <selenium.webdriver.chrome.webdriver.WebDriver (session=\"da4e4f9f598fb0b1b3cf0386700efe34\")>\n\n    def test_insider_qa_flow(driver):\n        \"\"\"\n        Insider QA İş Akışı Otomasyon Testi\n        - Ana sayfa, QA sayfası ve filtreleme kontrollerini yapar.\n        - Berlin gibi filtre dışı ilanların sızmasını engeller.\n        \"\"\"\n        home = HomePage(driver)\n        qa = QAPage(driver)\n    \n        # 1. Ana sayfayı aç ve kontrol et\n        home.open()\n        assert home.is_opened(), \"❌ HATA: Ana sayfa navigasyon barı görünür değil!\"\n    \n        # 2. QA ilanlarına git ve filtreleri uygula\n        # Not: 'qa.filter_jobs' içerisinde JavaScript click ve bekleme (sleep) olmalı.\n>       qa.open_qa_jobs()\n\ntests/test_insider_qa.py:21: \n_ _ _ _ _ _ _ _ _ _ _ _ _ _ _ _ _ _ _ _ _ _ _ _ _ _ _ _ _ _ _ _ _ _ _ _ _ _ _ _ \npages/qa_page.py:22: in open_qa_jobs\n    btn.click()\n/opt/hostedtoolcache/Python/3.12.12/x64/lib/python3.12/site-packages/selenium/webdriver/remote/webelement.py:114: in click\n    self._execute(Command.CLICK_ELEMENT)\n/opt/hostedtoolcache/Python/3.12.12/x64/lib/python3.12/site-packages/selenium/webdriver/remote/webelement.py:508: in _execute\n    return self._parent.execute(command, params)\n           ^^^^^^^^^^^^^^^^^^^^^^^^^^^^^^^^^^^^^\n/opt/hostedtoolcache/Python/3.12.12/x64/lib/python3.12/site-packages/selenium/webdriver/remote/webdriver.py:432: in execute\n    self.error_handler.check_response(response)\n_ _ _ _ _ _ _ _ _ _ _ _ _ _ _ _ _ _ _ _ _ _ _ _ _ _ _ _ _ _ _ _ _ _ _ _ _ _ _ _ \n\nself = <selenium.webdriver.remote.errorhandler.ErrorHandler object at 0x7f9f435585c0>\nresponse = {'status': 400, 'value': '{\"value\":{\"error\":\"element click intercepted\",\"message\":\"element click intercepted: Element ...\\\\n#18 0x5631af5e3828 \\\\u003Cunknown>\\\\n#19 0x7f5a0ca9caa4 \\\\u003Cunknown>\\\\n#20 0x7f5a0cb29c6c \\\\u003Cunknown>\\\\n\"}}'}\n\n    def check_response(self, response: dict[str, Any]) -> None:\n        \"\"\"Check that a JSON response from the WebDriver does not have an error.\n    \n        Args:\n            response: The JSON response from the WebDriver server as a dictionary\n                object.\n    \n        Raises:\n            WebDriverException: If the response contains an error message.\n        \"\"\"\n        status = response.get(\"status\", None)\n        if not status or status == ErrorCode.SUCCESS:\n            return\n        value = None\n        message = response.get(\"message\", \"\")\n        screen: str = response.get(\"screen\", \"\")\n        stacktrace = None\n        if isinstance(status, int):\n            value_json = response.get(\"value\", None)\n            if value_json and isinstance(value_json, str):\n                try:\n                    value = json.loads(value_json)\n                    if isinstance(value, dict):\n                        if len(value) == 1:\n                            value = value[\"value\"]\n                        status = value.get(\"error\", None)\n                        if not status:\n                            status = value.get(\"status\", ErrorCode.UNKNOWN_ERROR)\n                            message = value.get(\"value\") or value.get(\"message\")\n                            if not isinstance(message, str):\n                                value = message\n                                message = message.get(\"message\") if isinstance(message, dict) else None\n                        else:\n                            message = value.get(\"message\", None)\n                except ValueError:\n                    pass\n    \n        exception_class: type[WebDriverException]\n        e = ErrorCode()\n        error_codes = [item for item in dir(e) if not item.startswith(\"__\")]\n        for error_code in error_codes:\n            error_info = getattr(ErrorCode, error_code)\n            if isinstance(error_info, list) and status in error_info:\n                exception_class = getattr(ExceptionMapping, error_code, WebDriverException)\n                break\n        else:\n            exception_class = WebDriverException\n    \n        if not value:\n            value = response[\"value\"]\n        if isinstance(value, str):\n            raise exception_class(value)\n        if message == \"\" and \"message\" in value:\n            message = value[\"message\"]\n    \n        screen = None  # type: ignore[assignment]\n        if \"screen\" in value:\n            screen = value[\"screen\"]\n    \n        stacktrace = None\n        st_value = value.get(\"stackTrace\") or value.get(\"stacktrace\")\n        if st_value:\n            if isinstance(st_value, str):\n                stacktrace = st_value.split(\"\\n\")\n            else:\n                stacktrace = []\n                try:\n                    for frame in st_value:\n                        line = frame.get(\"lineNumber\", \"\")\n                        file = frame.get(\"fileName\", \"<anonymous>\")\n                        if line:\n                            file = f\"{file}:{line}\"\n                        meth = frame.get(\"methodName\", \"<anonymous>\")\n                        if \"className\" in frame:\n                            meth = f\"{frame['className']}.{meth}\"\n                        msg = \"    at %s (%s)\"\n                        msg = msg % (meth, file)\n                        stacktrace.append(msg)\n                except TypeError:\n                    pass\n        if exception_class == UnexpectedAlertPresentException:\n            alert_text = None\n            if \"data\" in value:\n                alert_text = value[\"data\"].get(\"text\")\n            elif \"alert\" in value:\n                alert_text = value[\"alert\"].get(\"text\")\n            raise exception_class(message, screen, stacktrace, alert_text)  # type: ignore[call-arg]  # mypy is not smart enough here\n>       raise exception_class(message, screen, stacktrace)\nE       selenium.common.exceptions.ElementClickInterceptedException: Message: element click intercepted: Element is not clickable at point (392, 1067)\nE         (Session info: chrome=144.0.7559.109); For documentation on this error, please visit: https://www.selenium.dev/documentation/webdriver/troubleshooting/errors#elementclickinterceptedexception\nE       Stacktrace:\nE       #0 0x5631af5e44ba <unknown>\nE       #1 0x5631af04d492 <unknown>\nE       #2 0x5631af0a9c9b <unknown>\nE       #3 0x5631af0a78d2 <unknown>\nE       #4 0x5631af0a4e09 <unknown>\nE       #5 0x5631af0a3f07 <unknown>\nE       #6 0x5631af096792 <unknown>\nE       #7 0x5631af0960d7 <unknown>\nE       #8 0x5631af0eb700 <unknown>\nE       #9 0x5631af0946a2 <unknown>\nE       #10 0x5631af095491 <unknown>\nE       #11 0x5631af5aa479 <unknown>\nE       #12 0x5631af5ad391 <unknown>\nE       #13 0x5631af596a89 <unknown>\nE       #14 0x5631af5adf4e <unknown>\nE       #15 0x5631af57d070 <unknown>\nE       #16 0x5631af5d1ca8 <unknown>\nE       #17 0x5631af5d1e78 <unknown>\nE       #18 0x5631af5e3828 <unknown>\nE       #19 0x7f5a0ca9caa4 <unknown>\nE       #20 0x7f5a0cb29c6c <unknown>\n\n/opt/hostedtoolcache/Python/3.12.12/x64/lib/python3.12/site-packages/selenium/webdriver/remote/errorhandler.py:232: ElementClickInterceptedException","flaky":false,"newFailed":false,"newBroken":false,"newPassed":false,"retriesCount":6,"retriesStatusChange":true,"beforeStages":[{"name":"driver","time":{"start":1770800107403,"stop":1770800112860,"duration":5457},"status":"passed","steps":[],"attachments":[],"parameters":[],"stepsCount":0,"shouldDisplayMessage":false,"attachmentsCount":0,"hasContent":false,"attachmentStep":false}],"afterStages":[{"name":"driver::0","time":{"start":1770800117257,"stop":1770800117356,"duration":99},"status":"passed","steps":[],"attachments":[],"parameters":[],"stepsCount":0,"shouldDisplayMessage":false,"attachmentsCount":0,"hasContent":false,"attachmentStep":false}],"labels":[{"name":"parentSuite","value":"tests"},{"name":"suite","value":"test_insider_qa"},{"name":"host","value":"runnervmwffz4"},{"name":"thread","value":"2488-MainThread"},{"name":"framework","value":"pytest"},{"name":"language","value":"cpython3"},{"name":"package","value":"tests.test_insider_qa"},{"name":"resultFormat","value":"allure2"}],"parameters":[],"links":[],"hidden":false,"retry":false,"extra":{"severity":"normal","retries":[{"uid":"5ade1bd5a5afc4ab","status":"passed","time":{"start":1770795971260,"stop":1770796009138,"duration":37878}},{"uid":"dc9550817585fbcd","status":"broken","statusDetails":"AttributeError: 'QAPage' object has no attribute 'click_view_role'","time":{"start":1770795883975,"stop":1770795917369,"duration":33394}},{"uid":"5669fedc67504fc0","status":"broken","statusDetails":"AttributeError: 'QAPage' object has no attribute 'LOCATION_TEXT'","time":{"start":1770795790627,"stop":1770795825591,"duration":34964}},{"uid":"9892681e2e1530f","status":"broken","statusDetails":"AttributeError: 'QAPage' object has no attribute 'POSITION_TITLE'","time":{"start":1770795700333,"stop":1770795733179,"duration":32846}},{"uid":"d94078e56ecaaf9b","status":"passed","time":{"start":1770795321436,"stop":1770795365513,"duration":44077}},{"uid":"89f32e495ea07b0d","status":"passed","time":{"start":1770794952271,"stop":1770794997260,"duration":44989}}],"categories":[{"name":"Test defects","matchedStatuses":[],"flaky":false}],"tags":[]},"source":"99faac7f6a5e6546.json","parameterValues":[]}