{"uid":"f3b06452b2504ffd","name":"test_insider_qa_flow","fullName":"tests.test_insider_qa#test_insider_qa_flow","historyId":"308f140897791990c2511fe39e316ba3","time":{"start":1770801933119,"stop":1770801994316,"duration":61197},"description":"\n    Insider QA İş Akışı Otomasyon Testi\n    - Ana sayfa, QA sayfası ve filtreleme kontrollerini yapar.\n    - Berlin gibi filtre dışı ilanların sızmasını engeller.\n    ","descriptionHtml":"<pre><code>Insider QA İş Akışı Otomasyon Testi\n- Ana sayfa, QA sayfası ve filtreleme kontrollerini yapar.\n- Berlin gibi filtre dışı ilanların sızmasını engeller.\n</code></pre>\n","status":"broken","statusMessage":"selenium.common.exceptions.TimeoutException: Message: \nStacktrace:\n#0 0x55f1fa8414ba <unknown>\n#1 0x55f1fa2aa492 <unknown>\n#2 0x55f1fa2ff9b6 <unknown>\n#3 0x55f1fa2ffbf1 <unknown>\n#4 0x55f1fa34b4d4 <unknown>\n#5 0x55f1fa348700 <unknown>\n#6 0x55f1fa2f16a2 <unknown>\n#7 0x55f1fa2f2491 <unknown>\n#8 0x55f1fa807479 <unknown>\n#9 0x55f1fa80a391 <unknown>\n#10 0x55f1fa7f3a89 <unknown>\n#11 0x55f1fa80af4e <unknown>\n#12 0x55f1fa7da070 <unknown>\n#13 0x55f1fa82eca8 <unknown>\n#14 0x55f1fa82ee78 <unknown>\n#15 0x55f1fa840828 <unknown>\n#16 0x7f498329caa4 <unknown>\n#17 0x7f4983329c6c <unknown>","statusTrace":"driver = <selenium.webdriver.chrome.webdriver.WebDriver (session=\"c7413bd0f9039d9f1393b98a0c145f09\")>\n\n    def test_insider_qa_flow(driver):\n        \"\"\"\n        Insider QA İş Akışı Otomasyon Testi\n        - Ana sayfa, QA sayfası ve filtreleme kontrollerini yapar.\n        - Berlin gibi filtre dışı ilanların sızmasını engeller.\n        \"\"\"\n        home = HomePage(driver)\n        qa = QAPage(driver)\n    \n        # 1. Ana sayfayı aç ve kontrol et\n        home.open()\n        assert home.is_opened(), \"❌ HATA: Ana sayfa navigasyon barı görünür değil!\"\n    \n        # 2. QA ilanlarına git ve filtreleri uygula\n        # Not: 'qa.filter_jobs' içerisinde JavaScript click ve bekleme (sleep) olmalı.\n        qa.open_qa_jobs()\n>       qa.filter_jobs()\n\ntests/test_insider_qa.py:22: \n_ _ _ _ _ _ _ _ _ _ _ _ _ _ _ _ _ _ _ _ _ _ _ _ _ _ _ _ _ _ _ _ _ _ _ _ _ _ _ _ \npages/qa_page.py:47: in filter_jobs\n    loc_container = wait.until(EC.presence_of_element_located(self.LOCATION_CONTAINER))\n                    ^^^^^^^^^^^^^^^^^^^^^^^^^^^^^^^^^^^^^^^^^^^^^^^^^^^^^^^^^^^^^^^^^^^\n_ _ _ _ _ _ _ _ _ _ _ _ _ _ _ _ _ _ _ _ _ _ _ _ _ _ _ _ _ _ _ _ _ _ _ _ _ _ _ _ \n\nself = <selenium.webdriver.support.wait.WebDriverWait (session=\"c7413bd0f9039d9f1393b98a0c145f09\")>\nmethod = <function presence_of_element_located.<locals>._predicate at 0x7f44d7a03b00>\nmessage = ''\n\n    def until(self, method: Callable[[D], Literal[False] | T], message: str = \"\") -> T:\n        \"\"\"Wait until the method returns a value that is not False.\n    \n        Calls the method provided with the driver as an argument until the\n        return value does not evaluate to ``False``.\n    \n        Args:\n            method: A callable object that takes a WebDriver instance as an\n                argument.\n            message: Optional message for TimeoutException.\n    \n        Returns:\n            The result of the last call to `method`.\n    \n        Raises:\n            TimeoutException: If 'method' does not return a truthy value within\n                the WebDriverWait object's timeout.\n    \n        Example:\n            >>> from selenium.webdriver.common.by import By\n            >>> from selenium.webdriver.support.ui import WebDriverWait\n            >>> from selenium.webdriver.support import expected_conditions as EC\n            >>>\n            >>> # Wait until an element is visible on the page\n            >>> wait = WebDriverWait(driver, 10)\n            >>> element = wait.until(EC.visibility_of_element_located((By.ID, \"exampleId\")))\n            >>> print(element.text)\n        \"\"\"\n        screen = None\n        stacktrace = None\n    \n        end_time = time.monotonic() + self._timeout\n        while True:\n            try:\n                value = method(self._driver)\n                if value:\n                    return value\n            except self._ignored_exceptions as exc:\n                screen = getattr(exc, \"screen\", None)\n                stacktrace = getattr(exc, \"stacktrace\", None)\n            if time.monotonic() > end_time:\n                break\n            time.sleep(self._poll)\n>       raise TimeoutException(message, screen, stacktrace)\nE       selenium.common.exceptions.TimeoutException: Message: \nE       Stacktrace:\nE       #0 0x55f1fa8414ba <unknown>\nE       #1 0x55f1fa2aa492 <unknown>\nE       #2 0x55f1fa2ff9b6 <unknown>\nE       #3 0x55f1fa2ffbf1 <unknown>\nE       #4 0x55f1fa34b4d4 <unknown>\nE       #5 0x55f1fa348700 <unknown>\nE       #6 0x55f1fa2f16a2 <unknown>\nE       #7 0x55f1fa2f2491 <unknown>\nE       #8 0x55f1fa807479 <unknown>\nE       #9 0x55f1fa80a391 <unknown>\nE       #10 0x55f1fa7f3a89 <unknown>\nE       #11 0x55f1fa80af4e <unknown>\nE       #12 0x55f1fa7da070 <unknown>\nE       #13 0x55f1fa82eca8 <unknown>\nE       #14 0x55f1fa82ee78 <unknown>\nE       #15 0x55f1fa840828 <unknown>\nE       #16 0x7f498329caa4 <unknown>\nE       #17 0x7f4983329c6c <unknown>\n\n/opt/hostedtoolcache/Python/3.12.12/x64/lib/python3.12/site-packages/selenium/webdriver/support/wait.py:121: TimeoutException","flaky":false,"newFailed":false,"newBroken":false,"newPassed":false,"retriesCount":6,"retriesStatusChange":true,"beforeStages":[{"name":"driver","time":{"start":1770801926899,"stop":1770801933118,"duration":6219},"status":"passed","steps":[],"attachments":[],"parameters":[],"stepsCount":0,"shouldDisplayMessage":false,"attachmentsCount":0,"hasContent":false,"attachmentStep":false}],"testStage":{"description":"\n    Insider QA İş Akışı Otomasyon Testi\n    - Ana sayfa, QA sayfası ve filtreleme kontrollerini yapar.\n    - Berlin gibi filtre dışı ilanların sızmasını engeller.\n    ","status":"broken","statusMessage":"selenium.common.exceptions.TimeoutException: Message: \nStacktrace:\n#0 0x55f1fa8414ba <unknown>\n#1 0x55f1fa2aa492 <unknown>\n#2 0x55f1fa2ff9b6 <unknown>\n#3 0x55f1fa2ffbf1 <unknown>\n#4 0x55f1fa34b4d4 <unknown>\n#5 0x55f1fa348700 <unknown>\n#6 0x55f1fa2f16a2 <unknown>\n#7 0x55f1fa2f2491 <unknown>\n#8 0x55f1fa807479 <unknown>\n#9 0x55f1fa80a391 <unknown>\n#10 0x55f1fa7f3a89 <unknown>\n#11 0x55f1fa80af4e <unknown>\n#12 0x55f1fa7da070 <unknown>\n#13 0x55f1fa82eca8 <unknown>\n#14 0x55f1fa82ee78 <unknown>\n#15 0x55f1fa840828 <unknown>\n#16 0x7f498329caa4 <unknown>\n#17 0x7f4983329c6c <unknown>","statusTrace":"driver = <selenium.webdriver.chrome.webdriver.WebDriver (session=\"c7413bd0f9039d9f1393b98a0c145f09\")>\n\n    def test_insider_qa_flow(driver):\n        \"\"\"\n        Insider QA İş Akışı Otomasyon Testi\n        - Ana sayfa, QA sayfası ve filtreleme kontrollerini yapar.\n        - Berlin gibi filtre dışı ilanların sızmasını engeller.\n        \"\"\"\n        home = HomePage(driver)\n        qa = QAPage(driver)\n    \n        # 1. Ana sayfayı aç ve kontrol et\n        home.open()\n        assert home.is_opened(), \"❌ HATA: Ana sayfa navigasyon barı görünür değil!\"\n    \n        # 2. QA ilanlarına git ve filtreleri uygula\n        # Not: 'qa.filter_jobs' içerisinde JavaScript click ve bekleme (sleep) olmalı.\n        qa.open_qa_jobs()\n>       qa.filter_jobs()\n\ntests/test_insider_qa.py:22: \n_ _ _ _ _ _ _ _ _ _ _ _ _ _ _ _ _ _ _ _ _ _ _ _ _ _ _ _ _ _ _ _ _ _ _ _ _ _ _ _ \npages/qa_page.py:47: in filter_jobs\n    loc_container = wait.until(EC.presence_of_element_located(self.LOCATION_CONTAINER))\n                    ^^^^^^^^^^^^^^^^^^^^^^^^^^^^^^^^^^^^^^^^^^^^^^^^^^^^^^^^^^^^^^^^^^^\n_ _ _ _ _ _ _ _ _ _ _ _ _ _ _ _ _ _ _ _ _ _ _ _ _ _ _ _ _ _ _ _ _ _ _ _ _ _ _ _ \n\nself = <selenium.webdriver.support.wait.WebDriverWait (session=\"c7413bd0f9039d9f1393b98a0c145f09\")>\nmethod = <function presence_of_element_located.<locals>._predicate at 0x7f44d7a03b00>\nmessage = ''\n\n    def until(self, method: Callable[[D], Literal[False] | T], message: str = \"\") -> T:\n        \"\"\"Wait until the method returns a value that is not False.\n    \n        Calls the method provided with the driver as an argument until the\n        return value does not evaluate to ``False``.\n    \n        Args:\n            method: A callable object that takes a WebDriver instance as an\n                argument.\n            message: Optional message for TimeoutException.\n    \n        Returns:\n            The result of the last call to `method`.\n    \n        Raises:\n            TimeoutException: If 'method' does not return a truthy value within\n                the WebDriverWait object's timeout.\n    \n        Example:\n            >>> from selenium.webdriver.common.by import By\n            >>> from selenium.webdriver.support.ui import WebDriverWait\n            >>> from selenium.webdriver.support import expected_conditions as EC\n            >>>\n            >>> # Wait until an element is visible on the page\n            >>> wait = WebDriverWait(driver, 10)\n            >>> element = wait.until(EC.visibility_of_element_located((By.ID, \"exampleId\")))\n            >>> print(element.text)\n        \"\"\"\n        screen = None\n        stacktrace = None\n    \n        end_time = time.monotonic() + self._timeout\n        while True:\n            try:\n                value = method(self._driver)\n                if value:\n                    return value\n            except self._ignored_exceptions as exc:\n                screen = getattr(exc, \"screen\", None)\n                stacktrace = getattr(exc, \"stacktrace\", None)\n            if time.monotonic() > end_time:\n                break\n            time.sleep(self._poll)\n>       raise TimeoutException(message, screen, stacktrace)\nE       selenium.common.exceptions.TimeoutException: Message: \nE       Stacktrace:\nE       #0 0x55f1fa8414ba <unknown>\nE       #1 0x55f1fa2aa492 <unknown>\nE       #2 0x55f1fa2ff9b6 <unknown>\nE       #3 0x55f1fa2ffbf1 <unknown>\nE       #4 0x55f1fa34b4d4 <unknown>\nE       #5 0x55f1fa348700 <unknown>\nE       #6 0x55f1fa2f16a2 <unknown>\nE       #7 0x55f1fa2f2491 <unknown>\nE       #8 0x55f1fa807479 <unknown>\nE       #9 0x55f1fa80a391 <unknown>\nE       #10 0x55f1fa7f3a89 <unknown>\nE       #11 0x55f1fa80af4e <unknown>\nE       #12 0x55f1fa7da070 <unknown>\nE       #13 0x55f1fa82eca8 <unknown>\nE       #14 0x55f1fa82ee78 <unknown>\nE       #15 0x55f1fa840828 <unknown>\nE       #16 0x7f498329caa4 <unknown>\nE       #17 0x7f4983329c6c <unknown>\n\n/opt/hostedtoolcache/Python/3.12.12/x64/lib/python3.12/site-packages/selenium/webdriver/support/wait.py:121: TimeoutException","steps":[],"attachments":[{"uid":"ee50b46e43c0702","name":"stdout","source":"ee50b46e43c0702.txt","type":"text/plain","size":162}],"parameters":[],"stepsCount":0,"shouldDisplayMessage":true,"attachmentsCount":1,"hasContent":true,"attachmentStep":false},"afterStages":[{"name":"driver::0","time":{"start":1770801994353,"stop":1770801994471,"duration":118},"status":"passed","steps":[],"attachments":[],"parameters":[],"stepsCount":0,"shouldDisplayMessage":false,"attachmentsCount":0,"hasContent":false,"attachmentStep":false}],"labels":[{"name":"parentSuite","value":"tests"},{"name":"suite","value":"test_insider_qa"},{"name":"host","value":"runnervmwffz4"},{"name":"thread","value":"2484-MainThread"},{"name":"framework","value":"pytest"},{"name":"language","value":"cpython3"},{"name":"package","value":"tests.test_insider_qa"},{"name":"resultFormat","value":"allure2"}],"parameters":[],"links":[],"hidden":false,"retry":false,"extra":{"severity":"normal","retries":[{"uid":"cfba6adb3ab69c0","status":"passed","time":{"start":1770795971260,"stop":1770796009138,"duration":37878}},{"uid":"e8ff2ead6842ca5b","status":"broken","statusDetails":"AttributeError: 'QAPage' object has no attribute 'click_view_role'","time":{"start":1770795883975,"stop":1770795917369,"duration":33394}},{"uid":"d0d36937f1307f82","status":"broken","statusDetails":"AttributeError: 'QAPage' object has no attribute 'LOCATION_TEXT'","time":{"start":1770795790627,"stop":1770795825591,"duration":34964}},{"uid":"ad78eaefabf31f3","status":"broken","statusDetails":"AttributeError: 'QAPage' object has no attribute 'POSITION_TITLE'","time":{"start":1770795700333,"stop":1770795733179,"duration":32846}},{"uid":"224d896168c2da0d","status":"passed","time":{"start":1770795321436,"stop":1770795365513,"duration":44077}},{"uid":"ad17cd70624c55b7","status":"passed","time":{"start":1770794952271,"stop":1770794997260,"duration":44989}}],"categories":[{"name":"Test defects","matchedStatuses":[],"flaky":false}],"tags":[]},"source":"f3b06452b2504ffd.json","parameterValues":[]}