{"uid":"41b102a7267fcf72","name":"test_insider_qa_flow","fullName":"tests.test_insider_qa#test_insider_qa_flow","historyId":"308f140897791990c2511fe39e316ba3","time":{"start":1770801683824,"stop":1770801735109,"duration":51285},"description":"\n    Insider QA İş Akışı Otomasyon Testi\n    - Ana sayfa, QA sayfası ve filtreleme kontrollerini yapar.\n    - Berlin gibi filtre dışı ilanların sızmasını engeller.\n    ","descriptionHtml":"<pre><code>Insider QA İş Akışı Otomasyon Testi\n- Ana sayfa, QA sayfası ve filtreleme kontrollerini yapar.\n- Berlin gibi filtre dışı ilanların sızmasını engeller.\n</code></pre>\n","status":"broken","statusMessage":"selenium.common.exceptions.TimeoutException: Message: \nStacktrace:\n#0 0x5592448094ba <unknown>\n#1 0x559244272492 <unknown>\n#2 0x5592442c79b6 <unknown>\n#3 0x5592442c7bf1 <unknown>\n#4 0x5592443134d4 <unknown>\n#5 0x559244310700 <unknown>\n#6 0x5592442b96a2 <unknown>\n#7 0x5592442ba491 <unknown>\n#8 0x5592447cf479 <unknown>\n#9 0x5592447d2391 <unknown>\n#10 0x5592447bba89 <unknown>\n#11 0x5592447d2f4e <unknown>\n#12 0x5592447a2070 <unknown>\n#13 0x5592447f6ca8 <unknown>\n#14 0x5592447f6e78 <unknown>\n#15 0x559244808828 <unknown>\n#16 0x7f284ac9caa4 <unknown>\n#17 0x7f284ad29c6c <unknown>","statusTrace":"driver = <selenium.webdriver.chrome.webdriver.WebDriver (session=\"843df08a75d29081dc5f36d5cadcf3ca\")>\n\n    def test_insider_qa_flow(driver):\n        \"\"\"\n        Insider QA İş Akışı Otomasyon Testi\n        - Ana sayfa, QA sayfası ve filtreleme kontrollerini yapar.\n        - Berlin gibi filtre dışı ilanların sızmasını engeller.\n        \"\"\"\n        home = HomePage(driver)\n        qa = QAPage(driver)\n    \n        # 1. Ana sayfayı aç ve kontrol et\n        home.open()\n        assert home.is_opened(), \"❌ HATA: Ana sayfa navigasyon barı görünür değil!\"\n    \n        # 2. QA ilanlarına git ve filtreleri uygula\n        # Not: 'qa.filter_jobs' içerisinde JavaScript click ve bekleme (sleep) olmalı.\n        qa.open_qa_jobs()\n>       qa.filter_jobs()\n\ntests/test_insider_qa.py:22: \n_ _ _ _ _ _ _ _ _ _ _ _ _ _ _ _ _ _ _ _ _ _ _ _ _ _ _ _ _ _ _ _ _ _ _ _ _ _ _ _ \npages/qa_page.py:47: in filter_jobs\n    loc_container = wait.until(EC.presence_of_element_located(self.LOCATION_CONTAINER))\n                    ^^^^^^^^^^^^^^^^^^^^^^^^^^^^^^^^^^^^^^^^^^^^^^^^^^^^^^^^^^^^^^^^^^^\n_ _ _ _ _ _ _ _ _ _ _ _ _ _ _ _ _ _ _ _ _ _ _ _ _ _ _ _ _ _ _ _ _ _ _ _ _ _ _ _ \n\nself = <selenium.webdriver.support.wait.WebDriverWait (session=\"843df08a75d29081dc5f36d5cadcf3ca\")>\nmethod = <function presence_of_element_located.<locals>._predicate at 0x7fb08c8c3ba0>\nmessage = ''\n\n    def until(self, method: Callable[[D], Literal[False] | T], message: str = \"\") -> T:\n        \"\"\"Wait until the method returns a value that is not False.\n    \n        Calls the method provided with the driver as an argument until the\n        return value does not evaluate to ``False``.\n    \n        Args:\n            method: A callable object that takes a WebDriver instance as an\n                argument.\n            message: Optional message for TimeoutException.\n    \n        Returns:\n            The result of the last call to `method`.\n    \n        Raises:\n            TimeoutException: If 'method' does not return a truthy value within\n                the WebDriverWait object's timeout.\n    \n        Example:\n            >>> from selenium.webdriver.common.by import By\n            >>> from selenium.webdriver.support.ui import WebDriverWait\n            >>> from selenium.webdriver.support import expected_conditions as EC\n            >>>\n            >>> # Wait until an element is visible on the page\n            >>> wait = WebDriverWait(driver, 10)\n            >>> element = wait.until(EC.visibility_of_element_located((By.ID, \"exampleId\")))\n            >>> print(element.text)\n        \"\"\"\n        screen = None\n        stacktrace = None\n    \n        end_time = time.monotonic() + self._timeout\n        while True:\n            try:\n                value = method(self._driver)\n                if value:\n                    return value\n            except self._ignored_exceptions as exc:\n                screen = getattr(exc, \"screen\", None)\n                stacktrace = getattr(exc, \"stacktrace\", None)\n            if time.monotonic() > end_time:\n                break\n            time.sleep(self._poll)\n>       raise TimeoutException(message, screen, stacktrace)\nE       selenium.common.exceptions.TimeoutException: Message: \nE       Stacktrace:\nE       #0 0x5592448094ba <unknown>\nE       #1 0x559244272492 <unknown>\nE       #2 0x5592442c79b6 <unknown>\nE       #3 0x5592442c7bf1 <unknown>\nE       #4 0x5592443134d4 <unknown>\nE       #5 0x559244310700 <unknown>\nE       #6 0x5592442b96a2 <unknown>\nE       #7 0x5592442ba491 <unknown>\nE       #8 0x5592447cf479 <unknown>\nE       #9 0x5592447d2391 <unknown>\nE       #10 0x5592447bba89 <unknown>\nE       #11 0x5592447d2f4e <unknown>\nE       #12 0x5592447a2070 <unknown>\nE       #13 0x5592447f6ca8 <unknown>\nE       #14 0x5592447f6e78 <unknown>\nE       #15 0x559244808828 <unknown>\nE       #16 0x7f284ac9caa4 <unknown>\nE       #17 0x7f284ad29c6c <unknown>\n\n/opt/hostedtoolcache/Python/3.12.12/x64/lib/python3.12/site-packages/selenium/webdriver/support/wait.py:121: TimeoutException","flaky":false,"newFailed":false,"newBroken":false,"newPassed":false,"retriesCount":6,"retriesStatusChange":true,"beforeStages":[{"name":"driver","time":{"start":1770801677938,"stop":1770801683823,"duration":5885},"status":"passed","steps":[],"attachments":[],"parameters":[],"stepsCount":0,"shouldDisplayMessage":false,"attachmentsCount":0,"hasContent":false,"attachmentStep":false}],"afterStages":[{"name":"driver::0","time":{"start":1770801735145,"stop":1770801735257,"duration":112},"status":"passed","steps":[],"attachments":[],"parameters":[],"stepsCount":0,"shouldDisplayMessage":false,"attachmentsCount":0,"hasContent":false,"attachmentStep":false}],"labels":[{"name":"parentSuite","value":"tests"},{"name":"suite","value":"test_insider_qa"},{"name":"host","value":"runnervmwffz4"},{"name":"thread","value":"2511-MainThread"},{"name":"framework","value":"pytest"},{"name":"language","value":"cpython3"},{"name":"package","value":"tests.test_insider_qa"},{"name":"resultFormat","value":"allure2"}],"parameters":[],"links":[],"hidden":false,"retry":false,"extra":{"severity":"normal","retries":[{"uid":"51822d3c0f78ae14","status":"passed","time":{"start":1770795971260,"stop":1770796009138,"duration":37878}},{"uid":"2dc5b0045ccaa38","status":"broken","statusDetails":"AttributeError: 'QAPage' object has no attribute 'click_view_role'","time":{"start":1770795883975,"stop":1770795917369,"duration":33394}},{"uid":"90f15ef332921c61","status":"broken","statusDetails":"AttributeError: 'QAPage' object has no attribute 'LOCATION_TEXT'","time":{"start":1770795790627,"stop":1770795825591,"duration":34964}},{"uid":"81886b95f1d0c69c","status":"broken","statusDetails":"AttributeError: 'QAPage' object has no attribute 'POSITION_TITLE'","time":{"start":1770795700333,"stop":1770795733179,"duration":32846}},{"uid":"a61c3c1cc9d4b26d","status":"passed","time":{"start":1770795321436,"stop":1770795365513,"duration":44077}},{"uid":"31115eb24955d07e","status":"passed","time":{"start":1770794952271,"stop":1770794997260,"duration":44989}}],"categories":[{"name":"Test defects","matchedStatuses":[],"flaky":false}],"tags":[]},"source":"41b102a7267fcf72.json","parameterValues":[]}